0 info it worked if it ends with ok
1 verbose cli [ 'C:\\Program Files\\nodejs\\node.exe',
1 verbose cli   'C:\\Program Files\\nodejs\\node_modules\\npm\\bin\\npm-cli.js',
1 verbose cli   'install',
1 verbose cli   '-g',
1 verbose cli   'yo',
1 verbose cli   'gurnt-cli',
1 verbose cli   'gulp' ]
2 info using npm@2.14.12
3 info using node@v4.3.2
4 verbose install initial load of C:\Users\Gabe\AppData\Roaming\npm\package.json
5 verbose readDependencies loading dependencies from C:\Users\Gabe\AppData\Roaming\npm\package.json
6 silly cache add args [ 'yo', null ]
7 verbose cache add spec yo
8 silly cache add args [ 'gurnt-cli', null ]
9 verbose cache add spec gurnt-cli
10 silly cache add args [ 'gulp', null ]
11 verbose cache add spec gulp
12 silly cache add parsed spec Result {
12 silly cache add   raw: 'yo',
12 silly cache add   scope: null,
12 silly cache add   name: 'yo',
12 silly cache add   rawSpec: '',
12 silly cache add   spec: 'latest',
12 silly cache add   type: 'tag' }
13 silly addNamed yo@latest
14 verbose addNamed "latest" is being treated as a dist-tag for yo
15 info addNameTag [ 'yo', 'latest' ]
16 silly mapToRegistry name yo
17 silly mapToRegistry using default registry
18 silly mapToRegistry registry https://registry.npmjs.org/
19 silly mapToRegistry uri https://registry.npmjs.org/yo
20 verbose addNameTag registry:https://registry.npmjs.org/yo not in flight; fetching
21 silly cache add parsed spec Result {
21 silly cache add   raw: 'gurnt-cli',
21 silly cache add   scope: null,
21 silly cache add   name: 'gurnt-cli',
21 silly cache add   rawSpec: '',
21 silly cache add   spec: 'latest',
21 silly cache add   type: 'tag' }
22 silly addNamed gurnt-cli@latest
23 verbose addNamed "latest" is being treated as a dist-tag for gurnt-cli
24 info addNameTag [ 'gurnt-cli', 'latest' ]
25 silly mapToRegistry name gurnt-cli
26 silly mapToRegistry using default registry
27 silly mapToRegistry registry https://registry.npmjs.org/
28 silly mapToRegistry uri https://registry.npmjs.org/gurnt-cli
29 verbose addNameTag registry:https://registry.npmjs.org/gurnt-cli not in flight; fetching
30 silly cache add parsed spec Result {
30 silly cache add   raw: 'gulp',
30 silly cache add   scope: null,
30 silly cache add   name: 'gulp',
30 silly cache add   rawSpec: '',
30 silly cache add   spec: 'latest',
30 silly cache add   type: 'tag' }
31 silly addNamed gulp@latest
32 verbose addNamed "latest" is being treated as a dist-tag for gulp
33 info addNameTag [ 'gulp', 'latest' ]
34 silly mapToRegistry name gulp
35 silly mapToRegistry using default registry
36 silly mapToRegistry registry https://registry.npmjs.org/
37 silly mapToRegistry uri https://registry.npmjs.org/gulp
38 verbose addNameTag registry:https://registry.npmjs.org/gulp not in flight; fetching
39 verbose request uri https://registry.npmjs.org/gurnt-cli
40 verbose request no auth needed
41 info attempt registry request try #1 at 7:52:17 PM
42 verbose request id 28b99582a4d8ee41
43 http request GET https://registry.npmjs.org/gurnt-cli
44 verbose request uri https://registry.npmjs.org/yo
45 verbose request no auth needed
46 info attempt registry request try #1 at 7:52:17 PM
47 verbose etag "M4V500PPHCGIY62L3ZI4XYJJ"
48 http request GET https://registry.npmjs.org/yo
49 verbose request uri https://registry.npmjs.org/gulp
50 verbose request no auth needed
51 info attempt registry request try #1 at 7:52:17 PM
52 verbose etag "DWRJ9U4THKH9F87BD2V3M2NFY"
53 http request GET https://registry.npmjs.org/gulp
54 http 200 https://registry.npmjs.org/yo
55 verbose headers { server: 'CouchDB/1.5.0 (Erlang OTP/R16B03)',
55 verbose headers   etag: '"64ZULTP3BTNXFPWODKW2HXBKD"',
55 verbose headers   'content-type': 'application/json',
55 verbose headers   'cache-control': 'max-age=300',
55 verbose headers   'content-length': '53443',
55 verbose headers   'accept-ranges': 'bytes',
55 verbose headers   date: 'Tue, 03 May 2016 00:52:11 GMT',
55 verbose headers   via: '1.1 varnish',
55 verbose headers   age: '97',
55 verbose headers   connection: 'keep-alive',
55 verbose headers   'x-served-by': 'cache-sjc3121-SJC',
55 verbose headers   'x-cache': 'HIT',
55 verbose headers   'x-cache-hits': '1',
55 verbose headers   'x-timer': 'S1462236731.633572,VS0,VE0',
55 verbose headers   vary: 'Accept-Encoding' }
56 silly get cb [ 200,
56 silly get   { server: 'CouchDB/1.5.0 (Erlang OTP/R16B03)',
56 silly get     etag: '"64ZULTP3BTNXFPWODKW2HXBKD"',
56 silly get     'content-type': 'application/json',
56 silly get     'cache-control': 'max-age=300',
56 silly get     'content-length': '53443',
56 silly get     'accept-ranges': 'bytes',
56 silly get     date: 'Tue, 03 May 2016 00:52:11 GMT',
56 silly get     via: '1.1 varnish',
56 silly get     age: '97',
56 silly get     connection: 'keep-alive',
56 silly get     'x-served-by': 'cache-sjc3121-SJC',
56 silly get     'x-cache': 'HIT',
56 silly get     'x-cache-hits': '1',
56 silly get     'x-timer': 'S1462236731.633572,VS0,VE0',
56 silly get     vary: 'Accept-Encoding' } ]
57 verbose get saving yo to C:\Users\Gabe\AppData\Roaming\npm-cache\registry.npmjs.org\yo\.cache.json
58 http 404 https://registry.npmjs.org/gurnt-cli
59 verbose headers { 'content-type': 'application/json',
59 verbose headers   'cache-control': 'max-age=0',
59 verbose headers   'content-length': '2',
59 verbose headers   'accept-ranges': 'bytes',
59 verbose headers   date: 'Tue, 03 May 2016 00:52:12 GMT',
59 verbose headers   via: '1.1 varnish',
59 verbose headers   age: '0',
59 verbose headers   connection: 'keep-alive',
59 verbose headers   'x-served-by': 'cache-sjc3126-SJC',
59 verbose headers   'x-cache': 'MISS',
59 verbose headers   'x-cache-hits': '0',
59 verbose headers   'x-timer': 'S1462236731.645141,VS0,VE355',
59 verbose headers   vary: 'Accept-Encoding' }
60 silly get cb [ 404,
60 silly get   { 'content-type': 'application/json',
60 silly get     'cache-control': 'max-age=0',
60 silly get     'content-length': '2',
60 silly get     'accept-ranges': 'bytes',
60 silly get     date: 'Tue, 03 May 2016 00:52:12 GMT',
60 silly get     via: '1.1 varnish',
60 silly get     age: '0',
60 silly get     connection: 'keep-alive',
60 silly get     'x-served-by': 'cache-sjc3126-SJC',
60 silly get     'x-cache': 'MISS',
60 silly get     'x-cache-hits': '0',
60 silly get     'x-timer': 'S1462236731.645141,VS0,VE355',
60 silly get     vary: 'Accept-Encoding' } ]
61 silly addNameTag next cb for yo with tag latest
62 silly addNamed yo@1.7.0
63 verbose addNamed "1.7.0" is a plain semver version for yo
64 silly cache afterAdd yo@1.7.0
65 verbose afterAdd C:\Users\Gabe\AppData\Roaming\npm-cache\yo\1.7.0\package\package.json not in flight; writing
66 verbose afterAdd C:\Users\Gabe\AppData\Roaming\npm-cache\yo\1.7.0\package\package.json written
67 http 200 https://registry.npmjs.org/gulp
68 verbose headers { server: 'CouchDB/1.5.0 (Erlang OTP/R16B03)',
68 verbose headers   etag: '"SWQAOZMQRNDD7EY6L4NRHQ2J"',
68 verbose headers   'content-type': 'application/json',
68 verbose headers   'cache-control': 'max-age=300',
68 verbose headers   'content-length': '113984',
68 verbose headers   'accept-ranges': 'bytes',
68 verbose headers   date: 'Tue, 03 May 2016 00:52:11 GMT',
68 verbose headers   via: '1.1 varnish',
68 verbose headers   age: '255',
68 verbose headers   connection: 'keep-alive',
68 verbose headers   'x-served-by': 'cache-sjc3124-SJC',
68 verbose headers   'x-cache': 'HIT',
68 verbose headers   'x-cache-hits': '2',
68 verbose headers   'x-timer': 'S1462236731.645451,VS0,VE0',
68 verbose headers   vary: 'Accept-Encoding' }
69 silly get cb [ 200,
69 silly get   { server: 'CouchDB/1.5.0 (Erlang OTP/R16B03)',
69 silly get     etag: '"SWQAOZMQRNDD7EY6L4NRHQ2J"',
69 silly get     'content-type': 'application/json',
69 silly get     'cache-control': 'max-age=300',
69 silly get     'content-length': '113984',
69 silly get     'accept-ranges': 'bytes',
69 silly get     date: 'Tue, 03 May 2016 00:52:11 GMT',
69 silly get     via: '1.1 varnish',
69 silly get     age: '255',
69 silly get     connection: 'keep-alive',
69 silly get     'x-served-by': 'cache-sjc3124-SJC',
69 silly get     'x-cache': 'HIT',
69 silly get     'x-cache-hits': '2',
69 silly get     'x-timer': 'S1462236731.645451,VS0,VE0',
69 silly get     vary: 'Accept-Encoding' } ]
70 verbose get saving gulp to C:\Users\Gabe\AppData\Roaming\npm-cache\registry.npmjs.org\gulp\.cache.json
71 silly addNameTag next cb for gulp with tag latest
72 silly addNamed gulp@3.9.1
73 verbose addNamed "3.9.1" is a plain semver version for gulp
74 silly cache afterAdd gulp@3.9.1
75 verbose afterAdd C:\Users\Gabe\AppData\Roaming\npm-cache\gulp\3.9.1\package\package.json not in flight; writing
76 verbose afterAdd C:\Users\Gabe\AppData\Roaming\npm-cache\gulp\3.9.1\package\package.json written
77 verbose stack Error: Registry returned 404 for GET on https://registry.npmjs.org/gurnt-cli
77 verbose stack     at makeError (C:\Program Files\nodejs\node_modules\npm\node_modules\npm-registry-client\lib\request.js:264:12)
77 verbose stack     at CachingRegistryClient.<anonymous> (C:\Program Files\nodejs\node_modules\npm\node_modules\npm-registry-client\lib\request.js:242:14)
77 verbose stack     at Request._callback (C:\Program Files\nodejs\node_modules\npm\node_modules\npm-registry-client\lib\request.js:172:14)
77 verbose stack     at Request.self.callback (C:\Program Files\nodejs\node_modules\npm\node_modules\request\request.js:198:22)
77 verbose stack     at emitTwo (events.js:87:13)
77 verbose stack     at Request.emit (events.js:172:7)
77 verbose stack     at Request.<anonymous> (C:\Program Files\nodejs\node_modules\npm\node_modules\request\request.js:1082:10)
77 verbose stack     at emitOne (events.js:82:20)
77 verbose stack     at Request.emit (events.js:169:7)
77 verbose stack     at IncomingMessage.<anonymous> (C:\Program Files\nodejs\node_modules\npm\node_modules\request\request.js:1009:12)
78 verbose statusCode 404
79 verbose pkgid gurnt-cli
80 verbose cwd C:\projects\2_GroupProject\treasurehunt1
81 error Windows_NT 6.1.7601
82 error argv "C:\\Program Files\\nodejs\\node.exe" "C:\\Program Files\\nodejs\\node_modules\\npm\\bin\\npm-cli.js" "install" "-g" "yo" "gurnt-cli" "gulp"
83 error node v4.3.2
84 error npm  v2.14.12
85 error code E404
86 error 404 Registry returned 404 for GET on https://registry.npmjs.org/gurnt-cli
86 error 404
86 error 404 'gurnt-cli' is not in the npm registry.
86 error 404 You should bug the author to publish it (or use the name yourself!)
86 error 404
86 error 404 Note that you can also install from a
86 error 404 tarball, folder, http url, or git url.
87 verbose exit [ 1, true ]
